<?xml version="1.0" encoding="UTF-8"?>
<!-- Generated by org.testng.reporters.JUnitReportReporter -->
<testsuite hostname="DESKTOP-TOV024I" failures="0" tests="4" name="api.test.UserTests2" time="11.153" errors="0" timestamp="2024-04-01T17:27:12 IST" skipped="0">
  <testcase classname="api.test.UserTests2" name="testPostUser" time="5.669"/>
  <system-out/>
  <testcase classname="api.test.UserTests2" name="testGetUserByName" time="1.425"/>
  <system-out/>
  <testcase classname="api.test.UserTests2" name="testUpdateUserByName" time="2.717"/>
  <system-out/>
  <testcase classname="api.test.UserTests2" name="testDeleteUserByName" time="1.342"/>
  <system-out/>
</testsuite> <!-- api.test.UserTests2 -->
