<?xml version="1.0" encoding="UTF-8"?>
<!-- Generated by org.testng.reporters.JUnitReportReporter -->
<testsuite hostname="DESKTOP-TOV024I" failures="0" tests="6" name="api.test.DDTest" time="12.172" errors="0" timestamp="2024-04-01T17:26:31 IST" skipped="0">
  <testcase classname="api.test.DDTest" name="testPostuser" time="1.332"/>
  <system-out/>
  <testcase classname="api.test.DDTest" name="testPostuser" time="1.383"/>
  <system-out/>
  <testcase classname="api.test.DDTest" name="testPostuser" time="5.371"/>
  <system-out/>
  <testcase classname="api.test.DDTest" name="testDeleteUserByName" time="1.377"/>
  <system-out/>
  <testcase classname="api.test.DDTest" name="testDeleteUserByName" time="1.308"/>
  <system-out/>
  <testcase classname="api.test.DDTest" name="testDeleteUserByName" time="1.401"/>
  <system-out/>
</testsuite> <!-- api.test.DDTest -->
