<?xml version="1.0" encoding="UTF-8"?>
<!-- Generated by org.testng.reporters.JUnitReportReporter -->
<testsuite hostname="DESKTOP-TOV024I" failures="0" tests="4" name="api.test.UserTests" time="11.239" errors="0" timestamp="2024-04-01T17:25:47 IST" skipped="0">
  <testcase classname="api.test.UserTests" name="testPostUser" time="5.582"/>
  <system-out/>
  <testcase classname="api.test.UserTests" name="testGetUserByName" time="1.372"/>
  <system-out/>
  <testcase classname="api.test.UserTests" name="testUpdateUserByName" time="2.793"/>
  <system-out/>
  <testcase classname="api.test.UserTests" name="testDeleteUserByName" time="1.492"/>
  <system-out/>
</testsuite> <!-- api.test.UserTests -->
