<?xml version="1.0" encoding="UTF-8"?>
<!-- Generated by org.testng.reporters.JUnitReportReporter -->
<testsuite hostname="DESKTOP-TOV024I" failures="0" tests="4" name="api.test.UserTests2" time="12.530" errors="0" timestamp="2024-04-01T18:33:32 IST" skipped="0">
  <testcase classname="api.test.UserTests2" name="testPostUser" time="7.058"/>
  <system-out/>
  <testcase classname="api.test.UserTests2" name="testGetUserByName" time="1.414"/>
  <system-out/>
  <testcase classname="api.test.UserTests2" name="testUpdateUserByName" time="2.746"/>
  <system-out/>
  <testcase classname="api.test.UserTests2" name="testDeleteUserByName" time="1.312"/>
  <system-out/>
</testsuite> <!-- api.test.UserTests2 -->
